<?xml version="1.0" encoding="UTF-8"?>
<!-- Generated by org.testng.reporters.JUnitReportReporter -->
<testsuite hostname="Mirzab" failures="0" tests="3" name="amazon.SearchAndOrder" time="46.898" errors="0" timestamp="2022-09-01T22:01:50 IST" skipped="0">
  <testcase classname="amazon.SearchAndOrder" name="order" time="41.351"/>
  <system-out/>
  <testcase classname="amazon.SearchAndOrder" name="in" time="1.905"/>
  <system-out/>
  <testcase classname="amazon.SearchAndOrder" name="open" time="3.642"/>
  <system-out/>
</testsuite> <!-- amazon.SearchAndOrder -->
