<?xml version="1.0" encoding="UTF-8"?>
<!-- Generated by org.testng.reporters.JUnitReportReporter -->
<testsuite hostname="Mirzab" failures="0" tests="1" name="amazon.launch" time="3.220" errors="0" timestamp="2022-08-18T11:02:21 IST" skipped="0">
  <testcase classname="amazon.launch" name="open" time="3.220"/>
  <system-out/>
</testsuite> <!-- amazon.launch -->
